{"name":"hexo","hostname":"lochdeMacBook-Pro.local","pid":9030,"level":20,"msg":"Hexo version: \u001b[35m3.2.2\u001b[39m","time":"2017-03-23T05:08:47.908Z","v":0}
{"name":"hexo","hostname":"lochdeMacBook-Pro.local","pid":9030,"level":20,"msg":"Working directory: \u001b[35m~/Develop/nodejs/van_coder/\u001b[39m","time":"2017-03-23T05:08:47.910Z","v":0}
{"name":"hexo","hostname":"lochdeMacBook-Pro.local","pid":9030,"level":20,"msg":"Config loaded: \u001b[35m~/Develop/nodejs/van_coder/_config.yml\u001b[39m","time":"2017-03-23T05:08:47.974Z","v":0}
{"name":"hexo","hostname":"lochdeMacBook-Pro.local","pid":9030,"level":20,"msg":"Plugin loaded: \u001b[35mhexo-deployer-git\u001b[39m","time":"2017-03-23T05:08:47.987Z","v":0}
{"name":"hexo","hostname":"lochdeMacBook-Pro.local","pid":9030,"level":20,"msg":"Plugin loaded: \u001b[35mhexo-generator-archive\u001b[39m","time":"2017-03-23T05:08:47.989Z","v":0}
{"name":"hexo","hostname":"lochdeMacBook-Pro.local","pid":9030,"level":20,"msg":"Plugin loaded: \u001b[35mhexo-generator-category\u001b[39m","time":"2017-03-23T05:08:47.990Z","v":0}
{"name":"hexo","hostname":"lochdeMacBook-Pro.local","pid":9030,"level":20,"msg":"Plugin loaded: \u001b[35mhexo-generator-index\u001b[39m","time":"2017-03-23T05:08:47.991Z","v":0}
{"name":"hexo","hostname":"lochdeMacBook-Pro.local","pid":9030,"level":20,"msg":"Plugin loaded: \u001b[35mhexo-generator-tag\u001b[39m","time":"2017-03-23T05:08:47.991Z","v":0}
{"name":"hexo","hostname":"lochdeMacBook-Pro.local","pid":9030,"level":20,"msg":"Plugin loaded: \u001b[35mhexo-renderer-ejs\u001b[39m","time":"2017-03-23T05:08:47.993Z","v":0}
{"name":"hexo","hostname":"lochdeMacBook-Pro.local","pid":9030,"level":20,"msg":"Plugin loaded: \u001b[35mhexo-renderer-marked\u001b[39m","time":"2017-03-23T05:08:47.997Z","v":0}
{"name":"hexo","hostname":"lochdeMacBook-Pro.local","pid":9030,"level":20,"msg":"Plugin loaded: \u001b[35mhexo-renderer-jade\u001b[39m","time":"2017-03-23T05:08:48.163Z","v":0}
{"name":"hexo","hostname":"lochdeMacBook-Pro.local","pid":9030,"level":20,"msg":"Plugin loaded: \u001b[35mhexo-renderer-pug\u001b[39m","time":"2017-03-23T05:08:48.234Z","v":0}
{"name":"hexo","hostname":"lochdeMacBook-Pro.local","pid":9030,"level":20,"msg":"Plugin loaded: \u001b[35mhexo-renderer-sass\u001b[39m","time":"2017-03-23T05:08:48.243Z","v":0}
{"name":"hexo","hostname":"lochdeMacBook-Pro.local","pid":9030,"level":20,"msg":"Plugin loaded: \u001b[35mhexo-server\u001b[39m","time":"2017-03-23T05:08:48.284Z","v":0}
{"name":"hexo","hostname":"lochdeMacBook-Pro.local","pid":9030,"level":20,"msg":"Plugin loaded: \u001b[35mhexo-renderer-stylus\u001b[39m","time":"2017-03-23T05:08:48.286Z","v":0}
{"name":"hexo","hostname":"lochdeMacBook-Pro.local","pid":9030,"level":20,"msg":"Loading database.","time":"2017-03-23T05:08:48.292Z","v":0}
{"name":"hexo","hostname":"lochdeMacBook-Pro.local","pid":9030,"level":30,"msg":"Start processing","time":"2017-03-23T05:08:48.428Z","v":0}
{"name":"hexo","hostname":"lochdeMacBook-Pro.local","pid":9030,"level":20,"msg":"Processed: \u001b[35m_posts/about-ai.md\u001b[39m","time":"2017-03-23T05:08:48.664Z","v":0}
{"name":"hexo","hostname":"lochdeMacBook-Pro.local","pid":9030,"level":20,"msg":"Processed: \u001b[35m_posts/following.md\u001b[39m","time":"2017-03-23T05:08:48.664Z","v":0}
{"name":"hexo","hostname":"lochdeMacBook-Pro.local","pid":9030,"level":20,"msg":"Processed: \u001b[35m_posts/start.md\u001b[39m","time":"2017-03-23T05:08:48.664Z","v":0}
{"name":"hexo","hostname":"lochdeMacBook-Pro.local","pid":9030,"level":20,"msg":"Processed: \u001b[35m_posts/team.md\u001b[39m","time":"2017-03-23T05:08:48.664Z","v":0}
{"name":"hexo","hostname":"lochdeMacBook-Pro.local","pid":9030,"level":20,"msg":"Processed: \u001b[35m_posts/year2020.md\u001b[39m","time":"2017-03-23T05:08:48.664Z","v":0}
{"name":"hexo","hostname":"lochdeMacBook-Pro.local","pid":9030,"level":20,"msg":"Processed: \u001b[35m_posts/hello-world.md\u001b[39m","time":"2017-03-23T05:08:48.665Z","v":0}
{"name":"hexo","hostname":"lochdeMacBook-Pro.local","pid":9030,"level":20,"msg":"Processed: \u001b[35m_posts/2020-叁拾歲的猿.md\u001b[39m","time":"2017-03-23T05:08:48.665Z","v":0}
{"name":"hexo","hostname":"lochdeMacBook-Pro.local","pid":9030,"level":20,"msg":"Processed: \u001b[35msource/favicon.ico\u001b[39m","time":"2017-03-23T05:08:48.720Z","v":0}
{"name":"hexo","hostname":"lochdeMacBook-Pro.local","pid":9030,"level":20,"msg":"Theme config loaded.","time":"2017-03-23T05:08:48.860Z","v":0}
{"name":"hexo","hostname":"lochdeMacBook-Pro.local","pid":9030,"level":20,"msg":"Processed: \u001b[35m_config.yml\u001b[39m","time":"2017-03-23T05:08:48.861Z","v":0}
{"name":"hexo","hostname":"lochdeMacBook-Pro.local","pid":9030,"level":20,"msg":"Processed: \u001b[35msource/css/main_style.min.css\u001b[39m","time":"2017-03-23T05:08:48.861Z","v":0}
{"name":"hexo","hostname":"lochdeMacBook-Pro.local","pid":9030,"level":20,"msg":"Processed: \u001b[35msource/css/main_style.css\u001b[39m","time":"2017-03-23T05:08:49.018Z","v":0}
{"name":"hexo","hostname":"lochdeMacBook-Pro.local","pid":9030,"level":20,"msg":"Processed: \u001b[35msource/css/main_style.css.map\u001b[39m","time":"2017-03-23T05:08:49.020Z","v":0}
{"name":"hexo","hostname":"lochdeMacBook-Pro.local","pid":9030,"level":20,"msg":"Processed: \u001b[35msource/css/main_style.min.css.map\u001b[39m","time":"2017-03-23T05:08:49.020Z","v":0}
{"name":"hexo","hostname":"lochdeMacBook-Pro.local","pid":9030,"level":20,"msg":"Processed: \u001b[35msource/fonts/icon.eot\u001b[39m","time":"2017-03-23T05:08:49.020Z","v":0}
{"name":"hexo","hostname":"lochdeMacBook-Pro.local","pid":9030,"level":20,"msg":"Processed: \u001b[35msource/fonts/icon.svg\u001b[39m","time":"2017-03-23T05:08:49.020Z","v":0}
{"name":"hexo","hostname":"lochdeMacBook-Pro.local","pid":9030,"level":20,"msg":"Processed: \u001b[35msource/fonts/icon.ttf\u001b[39m","time":"2017-03-23T05:08:49.020Z","v":0}
{"name":"hexo","hostname":"lochdeMacBook-Pro.local","pid":9030,"level":20,"msg":"Processed: \u001b[35msource/fonts/icon.woff\u001b[39m","time":"2017-03-23T05:08:49.020Z","v":0}
{"name":"hexo","hostname":"lochdeMacBook-Pro.local","pid":9030,"level":20,"msg":"Processed: \u001b[35msource/sass/main_style.scss\u001b[39m","time":"2017-03-23T05:08:49.021Z","v":0}
{"name":"hexo","hostname":"lochdeMacBook-Pro.local","pid":9030,"level":20,"msg":"Processed: \u001b[35mlayout/index.pug\u001b[39m","time":"2017-03-23T05:08:49.427Z","v":0}
{"name":"hexo","hostname":"lochdeMacBook-Pro.local","pid":9030,"level":20,"msg":"Processed: \u001b[35mlayout/post.pug\u001b[39m","time":"2017-03-23T05:08:49.427Z","v":0}
{"name":"hexo","hostname":"lochdeMacBook-Pro.local","pid":9030,"level":20,"msg":"Processed: \u001b[35msource/img/bea.jpg\u001b[39m","time":"2017-03-23T05:08:49.427Z","v":0}
{"name":"hexo","hostname":"lochdeMacBook-Pro.local","pid":9030,"level":20,"msg":"Processed: \u001b[35msource/components/reset-css/LICENSE\u001b[39m","time":"2017-03-23T05:08:49.663Z","v":0}
{"name":"hexo","hostname":"lochdeMacBook-Pro.local","pid":9030,"level":20,"msg":"Processed: \u001b[35msource/components/reset-css/README.md\u001b[39m","time":"2017-03-23T05:08:49.664Z","v":0}
{"name":"hexo","hostname":"lochdeMacBook-Pro.local","pid":9030,"level":20,"msg":"Processed: \u001b[35msource/components/reset-css/gruntfile.js\u001b[39m","time":"2017-03-23T05:08:49.664Z","v":0}
{"name":"hexo","hostname":"lochdeMacBook-Pro.local","pid":9030,"level":20,"msg":"Processed: \u001b[35msource/components/reset-css/package.json\u001b[39m","time":"2017-03-23T05:08:49.665Z","v":0}
{"name":"hexo","hostname":"lochdeMacBook-Pro.local","pid":9030,"level":20,"msg":"Processed: \u001b[35msource/img/bj.jpg\u001b[39m","time":"2017-03-23T05:08:49.665Z","v":0}
{"name":"hexo","hostname":"lochdeMacBook-Pro.local","pid":9030,"level":20,"msg":"Processed: \u001b[35mlayout/_partial/footer.pug\u001b[39m","time":"2017-03-23T05:08:49.972Z","v":0}
{"name":"hexo","hostname":"lochdeMacBook-Pro.local","pid":9030,"level":20,"msg":"Processed: \u001b[35mlayout/_partial/layout.pug\u001b[39m","time":"2017-03-23T05:08:49.972Z","v":0}
{"name":"hexo","hostname":"lochdeMacBook-Pro.local","pid":9030,"level":20,"msg":"Processed: \u001b[35mlayout/_partial/page_header.pug\u001b[39m","time":"2017-03-23T05:08:49.973Z","v":0}
{"name":"hexo","hostname":"lochdeMacBook-Pro.local","pid":9030,"level":20,"msg":"Processed: \u001b[35mlayout/_partial/pagination.pug\u001b[39m","time":"2017-03-23T05:08:49.973Z","v":0}
{"name":"hexo","hostname":"lochdeMacBook-Pro.local","pid":9030,"level":20,"msg":"Processed: \u001b[35mlayout/_partial/post_header.pug\u001b[39m","time":"2017-03-23T05:08:49.973Z","v":0}
{"name":"hexo","hostname":"lochdeMacBook-Pro.local","pid":9030,"level":20,"msg":"Processed: \u001b[35msource/components/reset-css/sass/main.scss\u001b[39m","time":"2017-03-23T05:08:50.072Z","v":0}
{"name":"hexo","hostname":"lochdeMacBook-Pro.local","pid":9030,"level":20,"msg":"Processed: \u001b[35msource/components/reset-css/sass/mobile-native.scss\u001b[39m","time":"2017-03-23T05:08:50.073Z","v":0}
{"name":"hexo","hostname":"lochdeMacBook-Pro.local","pid":9030,"level":20,"msg":"Processed: \u001b[35msource/components/reset-css/sass/mobile-single.scss\u001b[39m","time":"2017-03-23T05:08:50.073Z","v":0}
{"name":"hexo","hostname":"lochdeMacBook-Pro.local","pid":9030,"level":20,"msg":"Processed: \u001b[35msource/components/reset-css/dist/mobile/reset.css\u001b[39m","time":"2017-03-23T05:08:50.207Z","v":0}
{"name":"hexo","hostname":"lochdeMacBook-Pro.local","pid":9030,"level":20,"msg":"Processed: \u001b[35msource/components/reset-css/dist/mobile/reset.min.css\u001b[39m","time":"2017-03-23T05:08:50.208Z","v":0}
{"name":"hexo","hostname":"lochdeMacBook-Pro.local","pid":9030,"level":20,"msg":"Processed: \u001b[35msource/components/reset-css/dist/pc/reset.css\u001b[39m","time":"2017-03-23T05:08:50.208Z","v":0}
{"name":"hexo","hostname":"lochdeMacBook-Pro.local","pid":9030,"level":20,"msg":"Processed: \u001b[35msource/components/reset-css/dist/pc/reset.min.css\u001b[39m","time":"2017-03-23T05:08:50.208Z","v":0}
{"name":"hexo","hostname":"lochdeMacBook-Pro.local","pid":9030,"level":20,"msg":"Processed: \u001b[35msource/components/reset-css/public/main/reset.min.css\u001b[39m","time":"2017-03-23T05:08:50.209Z","v":0}
{"name":"hexo","hostname":"lochdeMacBook-Pro.local","pid":9030,"level":20,"msg":"Processed: \u001b[35msource/components/reset-css/public/main/reset.min.css.map\u001b[39m","time":"2017-03-23T05:08:50.209Z","v":0}
{"name":"hexo","hostname":"lochdeMacBook-Pro.local","pid":9030,"level":20,"msg":"Processed: \u001b[35msource/components/reset-css/public/main/reset.css\u001b[39m","time":"2017-03-23T05:08:50.209Z","v":0}
{"name":"hexo","hostname":"lochdeMacBook-Pro.local","pid":9030,"level":20,"msg":"Processed: \u001b[35msource/components/reset-css/public/main/reset.css.map\u001b[39m","time":"2017-03-23T05:08:50.210Z","v":0}
{"name":"hexo","hostname":"lochdeMacBook-Pro.local","pid":9030,"level":20,"msg":"Processed: \u001b[35msource/components/reset-css/public/mobile/reset.css\u001b[39m","time":"2017-03-23T05:08:50.210Z","v":0}
{"name":"hexo","hostname":"lochdeMacBook-Pro.local","pid":9030,"level":20,"msg":"Processed: \u001b[35msource/components/reset-css/public/mobile/reset.css.map\u001b[39m","time":"2017-03-23T05:08:50.211Z","v":0}
{"name":"hexo","hostname":"lochdeMacBook-Pro.local","pid":9030,"level":20,"msg":"Processed: \u001b[35msource/components/reset-css/public/mobile/reset.min.css\u001b[39m","time":"2017-03-23T05:08:50.211Z","v":0}
{"name":"hexo","hostname":"lochdeMacBook-Pro.local","pid":9030,"level":20,"msg":"Processed: \u001b[35msource/components/reset-css/public/mobile/reset.min.css.map\u001b[39m","time":"2017-03-23T05:08:50.211Z","v":0}
{"name":"hexo","hostname":"lochdeMacBook-Pro.local","pid":9030,"level":20,"msg":"Processed: \u001b[35msource/components/reset-css/public/native/reset.css\u001b[39m","time":"2017-03-23T05:08:50.211Z","v":0}
{"name":"hexo","hostname":"lochdeMacBook-Pro.local","pid":9030,"level":20,"msg":"Processed: \u001b[35msource/components/reset-css/public/native/reset.css.map\u001b[39m","time":"2017-03-23T05:08:50.211Z","v":0}
{"name":"hexo","hostname":"lochdeMacBook-Pro.local","pid":9030,"level":20,"msg":"Processed: \u001b[35msource/components/reset-css/public/native/reset.min.css\u001b[39m","time":"2017-03-23T05:08:50.212Z","v":0}
{"name":"hexo","hostname":"lochdeMacBook-Pro.local","pid":9030,"level":20,"msg":"Processed: \u001b[35msource/components/reset-css/public/native/reset.min.css.map\u001b[39m","time":"2017-03-23T05:08:50.212Z","v":0}
{"name":"hexo","hostname":"lochdeMacBook-Pro.local","pid":9030,"level":20,"msg":"Processed: \u001b[35msource/components/reset-css/sass/custom/imitation-native.scss\u001b[39m","time":"2017-03-23T05:08:50.212Z","v":0}
{"name":"hexo","hostname":"lochdeMacBook-Pro.local","pid":9030,"level":20,"msg":"Processed: \u001b[35msource/components/reset-css/sass/reset/basic.scss\u001b[39m","time":"2017-03-23T05:08:50.213Z","v":0}
{"name":"hexo","hostname":"lochdeMacBook-Pro.local","pid":9030,"level":20,"msg":"Processed: \u001b[35msource/components/reset-css/sass/reset/ie.scss\u001b[39m","time":"2017-03-23T05:08:50.213Z","v":0}
{"name":"hexo","hostname":"lochdeMacBook-Pro.local","pid":9030,"level":20,"msg":"Processed: \u001b[35msource/components/reset-css/sass/reset/macos.scss\u001b[39m","time":"2017-03-23T05:08:50.213Z","v":0}
{"name":"hexo","hostname":"lochdeMacBook-Pro.local","pid":9030,"level":20,"msg":"Processed: \u001b[35msource/components/reset-css/sass/reset/mobile.scss\u001b[39m","time":"2017-03-23T05:08:50.213Z","v":0}
{"name":"hexo","hostname":"lochdeMacBook-Pro.local","pid":9030,"level":20,"msg":"Processed: \u001b[35msource/img/city-wallpaper.png\u001b[39m","time":"2017-03-23T05:08:50.224Z","v":0}
{"name":"hexo","hostname":"lochdeMacBook-Pro.local","pid":9030,"level":20,"msg":"Generator: \u001b[35mpage\u001b[39m","time":"2017-03-23T05:08:50.638Z","v":0}
{"name":"hexo","hostname":"lochdeMacBook-Pro.local","pid":9030,"level":20,"msg":"Generator: \u001b[35mpost\u001b[39m","time":"2017-03-23T05:08:50.638Z","v":0}
{"name":"hexo","hostname":"lochdeMacBook-Pro.local","pid":9030,"level":20,"msg":"Generator: \u001b[35marchive\u001b[39m","time":"2017-03-23T05:08:50.638Z","v":0}
{"name":"hexo","hostname":"lochdeMacBook-Pro.local","pid":9030,"level":20,"msg":"Generator: \u001b[35mcategory\u001b[39m","time":"2017-03-23T05:08:50.638Z","v":0}
{"name":"hexo","hostname":"lochdeMacBook-Pro.local","pid":9030,"level":20,"msg":"Generator: \u001b[35mindex\u001b[39m","time":"2017-03-23T05:08:50.638Z","v":0}
{"name":"hexo","hostname":"lochdeMacBook-Pro.local","pid":9030,"level":20,"msg":"Generator: \u001b[35mtag\u001b[39m","time":"2017-03-23T05:08:50.639Z","v":0}
{"name":"hexo","hostname":"lochdeMacBook-Pro.local","pid":9030,"level":20,"msg":"Generator: \u001b[35masset\u001b[39m","time":"2017-03-23T05:08:50.640Z","v":0}
{"name":"hexo","hostname":"lochdeMacBook-Pro.local","pid":9030,"level":30,"msg":"Hexo is running at \u001b[4mhttp://localhost:4000/\u001b[24m. Press Ctrl+C to stop.","time":"2017-03-23T05:08:50.645Z","v":0}
{"name":"hexo","hostname":"lochdeMacBook-Pro.local","pid":9030,"level":20,"msg":"Database saved","time":"2017-03-23T05:08:50.690Z","v":0}
{"name":"hexo","hostname":"lochdeMacBook-Pro.local","pid":9030,"level":20,"msg":"Rendering index: \u001b[35mindex.html\u001b[39m","time":"2017-03-23T05:09:02.513Z","v":0}
{"name":"hexo","hostname":"lochdeMacBook-Pro.local","pid":9030,"level":20,"msg":"Rendering index: \u001b[35mindex.html\u001b[39m","time":"2017-03-23T05:09:04.072Z","v":0}
{"name":"hexo","hostname":"lochdeMacBook-Pro.local","pid":9030,"level":20,"msg":"Rendering index: \u001b[35mindex.html\u001b[39m","time":"2017-03-23T05:09:05.437Z","v":0}
{"name":"hexo","hostname":"lochdeMacBook-Pro.local","pid":9030,"level":20,"msg":"Rendering index: \u001b[35mindex.html\u001b[39m","time":"2017-03-23T05:09:56.212Z","v":0}
{"name":"hexo","hostname":"lochdeMacBook-Pro.local","pid":9030,"level":20,"msg":"Processed: \u001b[35msource/css/main_style.css\u001b[39m","time":"2017-03-23T05:09:56.783Z","v":0}
{"name":"hexo","hostname":"lochdeMacBook-Pro.local","pid":9030,"level":20,"msg":"Generator: \u001b[35mpage\u001b[39m","time":"2017-03-23T05:09:56.891Z","v":0}
{"name":"hexo","hostname":"lochdeMacBook-Pro.local","pid":9030,"level":20,"msg":"Generator: \u001b[35mpost\u001b[39m","time":"2017-03-23T05:09:56.891Z","v":0}
{"name":"hexo","hostname":"lochdeMacBook-Pro.local","pid":9030,"level":20,"msg":"Generator: \u001b[35marchive\u001b[39m","time":"2017-03-23T05:09:56.891Z","v":0}
{"name":"hexo","hostname":"lochdeMacBook-Pro.local","pid":9030,"level":20,"msg":"Generator: \u001b[35mcategory\u001b[39m","time":"2017-03-23T05:09:56.891Z","v":0}
{"name":"hexo","hostname":"lochdeMacBook-Pro.local","pid":9030,"level":20,"msg":"Generator: \u001b[35mindex\u001b[39m","time":"2017-03-23T05:09:56.891Z","v":0}
{"name":"hexo","hostname":"lochdeMacBook-Pro.local","pid":9030,"level":20,"msg":"Generator: \u001b[35mtag\u001b[39m","time":"2017-03-23T05:09:56.891Z","v":0}
{"name":"hexo","hostname":"lochdeMacBook-Pro.local","pid":9030,"level":20,"msg":"Generator: \u001b[35masset\u001b[39m","time":"2017-03-23T05:09:56.893Z","v":0}
{"name":"hexo","hostname":"lochdeMacBook-Pro.local","pid":9030,"level":20,"msg":"Rendering index: \u001b[35mindex.html\u001b[39m","time":"2017-03-23T05:09:57.514Z","v":0}
{"name":"hexo","hostname":"lochdeMacBook-Pro.local","pid":9030,"level":20,"msg":"Rendering index: \u001b[35mindex.html\u001b[39m","time":"2017-03-23T05:10:15.038Z","v":0}
{"name":"hexo","hostname":"lochdeMacBook-Pro.local","pid":9030,"level":20,"msg":"Processed: \u001b[35msource/css/main_style.css\u001b[39m","time":"2017-03-23T05:10:15.440Z","v":0}
{"name":"hexo","hostname":"lochdeMacBook-Pro.local","pid":9030,"level":20,"msg":"Generator: \u001b[35mpage\u001b[39m","time":"2017-03-23T05:10:15.554Z","v":0}
{"name":"hexo","hostname":"lochdeMacBook-Pro.local","pid":9030,"level":20,"msg":"Generator: \u001b[35mpost\u001b[39m","time":"2017-03-23T05:10:15.554Z","v":0}
{"name":"hexo","hostname":"lochdeMacBook-Pro.local","pid":9030,"level":20,"msg":"Generator: \u001b[35marchive\u001b[39m","time":"2017-03-23T05:10:15.554Z","v":0}
{"name":"hexo","hostname":"lochdeMacBook-Pro.local","pid":9030,"level":20,"msg":"Generator: \u001b[35mcategory\u001b[39m","time":"2017-03-23T05:10:15.554Z","v":0}
{"name":"hexo","hostname":"lochdeMacBook-Pro.local","pid":9030,"level":20,"msg":"Generator: \u001b[35mindex\u001b[39m","time":"2017-03-23T05:10:15.554Z","v":0}
{"name":"hexo","hostname":"lochdeMacBook-Pro.local","pid":9030,"level":20,"msg":"Generator: \u001b[35mtag\u001b[39m","time":"2017-03-23T05:10:15.554Z","v":0}
{"name":"hexo","hostname":"lochdeMacBook-Pro.local","pid":9030,"level":20,"msg":"Generator: \u001b[35masset\u001b[39m","time":"2017-03-23T05:10:15.556Z","v":0}
{"name":"hexo","hostname":"lochdeMacBook-Pro.local","pid":9030,"level":20,"msg":"Rendering index: \u001b[35mindex.html\u001b[39m","time":"2017-03-23T05:10:16.996Z","v":0}
{"name":"hexo","hostname":"lochdeMacBook-Pro.local","pid":9030,"level":20,"msg":"Rendering index: \u001b[35mindex.html\u001b[39m","time":"2017-03-23T05:10:29.749Z","v":0}
{"name":"hexo","hostname":"lochdeMacBook-Pro.local","pid":9030,"level":20,"msg":"Processed: \u001b[35msource/css/main_style.css\u001b[39m","time":"2017-03-23T05:10:29.922Z","v":0}
{"name":"hexo","hostname":"lochdeMacBook-Pro.local","pid":9030,"level":20,"msg":"Generator: \u001b[35mpage\u001b[39m","time":"2017-03-23T05:10:30.034Z","v":0}
{"name":"hexo","hostname":"lochdeMacBook-Pro.local","pid":9030,"level":20,"msg":"Generator: \u001b[35mpost\u001b[39m","time":"2017-03-23T05:10:30.034Z","v":0}
{"name":"hexo","hostname":"lochdeMacBook-Pro.local","pid":9030,"level":20,"msg":"Generator: \u001b[35marchive\u001b[39m","time":"2017-03-23T05:10:30.034Z","v":0}
{"name":"hexo","hostname":"lochdeMacBook-Pro.local","pid":9030,"level":20,"msg":"Generator: \u001b[35mcategory\u001b[39m","time":"2017-03-23T05:10:30.034Z","v":0}
{"name":"hexo","hostname":"lochdeMacBook-Pro.local","pid":9030,"level":20,"msg":"Generator: \u001b[35mindex\u001b[39m","time":"2017-03-23T05:10:30.034Z","v":0}
{"name":"hexo","hostname":"lochdeMacBook-Pro.local","pid":9030,"level":20,"msg":"Generator: \u001b[35mtag\u001b[39m","time":"2017-03-23T05:10:30.034Z","v":0}
{"name":"hexo","hostname":"lochdeMacBook-Pro.local","pid":9030,"level":20,"msg":"Generator: \u001b[35masset\u001b[39m","time":"2017-03-23T05:10:30.036Z","v":0}
{"name":"hexo","hostname":"lochdeMacBook-Pro.local","pid":9030,"level":20,"msg":"Rendering index: \u001b[35mindex.html\u001b[39m","time":"2017-03-23T05:10:30.659Z","v":0}
{"name":"hexo","hostname":"lochdeMacBook-Pro.local","pid":9030,"level":20,"msg":"Rendering index: \u001b[35mindex.html\u001b[39m","time":"2017-03-23T05:10:32.535Z","v":0}
{"name":"hexo","hostname":"lochdeMacBook-Pro.local","pid":9030,"level":20,"msg":"Rendering index: \u001b[35mindex.html\u001b[39m","time":"2017-03-23T05:10:44.675Z","v":0}
{"name":"hexo","hostname":"lochdeMacBook-Pro.local","pid":9030,"level":20,"msg":"Processed: \u001b[35msource/css/main_style.css\u001b[39m","time":"2017-03-23T05:10:45.029Z","v":0}
{"name":"hexo","hostname":"lochdeMacBook-Pro.local","pid":9030,"level":20,"msg":"Generator: \u001b[35mpage\u001b[39m","time":"2017-03-23T05:10:45.139Z","v":0}
{"name":"hexo","hostname":"lochdeMacBook-Pro.local","pid":9030,"level":20,"msg":"Generator: \u001b[35mpost\u001b[39m","time":"2017-03-23T05:10:45.140Z","v":0}
{"name":"hexo","hostname":"lochdeMacBook-Pro.local","pid":9030,"level":20,"msg":"Generator: \u001b[35marchive\u001b[39m","time":"2017-03-23T05:10:45.140Z","v":0}
{"name":"hexo","hostname":"lochdeMacBook-Pro.local","pid":9030,"level":20,"msg":"Generator: \u001b[35mcategory\u001b[39m","time":"2017-03-23T05:10:45.140Z","v":0}
{"name":"hexo","hostname":"lochdeMacBook-Pro.local","pid":9030,"level":20,"msg":"Generator: \u001b[35mindex\u001b[39m","time":"2017-03-23T05:10:45.140Z","v":0}
{"name":"hexo","hostname":"lochdeMacBook-Pro.local","pid":9030,"level":20,"msg":"Generator: \u001b[35mtag\u001b[39m","time":"2017-03-23T05:10:45.140Z","v":0}
{"name":"hexo","hostname":"lochdeMacBook-Pro.local","pid":9030,"level":20,"msg":"Generator: \u001b[35masset\u001b[39m","time":"2017-03-23T05:10:45.141Z","v":0}
{"name":"hexo","hostname":"lochdeMacBook-Pro.local","pid":9030,"level":20,"msg":"Rendering index: \u001b[35mindex.html\u001b[39m","time":"2017-03-23T05:10:45.633Z","v":0}
{"name":"hexo","hostname":"lochdeMacBook-Pro.local","pid":9030,"level":20,"msg":"Rendering index: \u001b[35mindex.html\u001b[39m","time":"2017-03-23T05:11:02.600Z","v":0}
{"name":"hexo","hostname":"lochdeMacBook-Pro.local","pid":9030,"level":20,"msg":"Processed: \u001b[35msource/css/main_style.css\u001b[39m","time":"2017-03-23T05:11:02.999Z","v":0}
{"name":"hexo","hostname":"lochdeMacBook-Pro.local","pid":9030,"level":20,"msg":"Generator: \u001b[35mpage\u001b[39m","time":"2017-03-23T05:11:03.105Z","v":0}
{"name":"hexo","hostname":"lochdeMacBook-Pro.local","pid":9030,"level":20,"msg":"Generator: \u001b[35mpost\u001b[39m","time":"2017-03-23T05:11:03.105Z","v":0}
{"name":"hexo","hostname":"lochdeMacBook-Pro.local","pid":9030,"level":20,"msg":"Generator: \u001b[35marchive\u001b[39m","time":"2017-03-23T05:11:03.105Z","v":0}
{"name":"hexo","hostname":"lochdeMacBook-Pro.local","pid":9030,"level":20,"msg":"Generator: \u001b[35mcategory\u001b[39m","time":"2017-03-23T05:11:03.105Z","v":0}
{"name":"hexo","hostname":"lochdeMacBook-Pro.local","pid":9030,"level":20,"msg":"Generator: \u001b[35mindex\u001b[39m","time":"2017-03-23T05:11:03.106Z","v":0}
{"name":"hexo","hostname":"lochdeMacBook-Pro.local","pid":9030,"level":20,"msg":"Generator: \u001b[35mtag\u001b[39m","time":"2017-03-23T05:11:03.106Z","v":0}
{"name":"hexo","hostname":"lochdeMacBook-Pro.local","pid":9030,"level":20,"msg":"Generator: \u001b[35masset\u001b[39m","time":"2017-03-23T05:11:03.106Z","v":0}
{"name":"hexo","hostname":"lochdeMacBook-Pro.local","pid":9030,"level":20,"msg":"Rendering index: \u001b[35mindex.html\u001b[39m","time":"2017-03-23T05:11:03.856Z","v":0}
{"name":"hexo","hostname":"lochdeMacBook-Pro.local","pid":9030,"level":20,"msg":"Rendering index: \u001b[35mindex.html\u001b[39m","time":"2017-03-23T05:11:47.167Z","v":0}
{"name":"hexo","hostname":"lochdeMacBook-Pro.local","pid":9030,"level":20,"msg":"Processed: \u001b[35msource/css/main_style.css\u001b[39m","time":"2017-03-23T05:11:47.720Z","v":0}
{"name":"hexo","hostname":"lochdeMacBook-Pro.local","pid":9030,"level":20,"msg":"Generator: \u001b[35mpage\u001b[39m","time":"2017-03-23T05:11:47.830Z","v":0}
{"name":"hexo","hostname":"lochdeMacBook-Pro.local","pid":9030,"level":20,"msg":"Generator: \u001b[35mpost\u001b[39m","time":"2017-03-23T05:11:47.830Z","v":0}
{"name":"hexo","hostname":"lochdeMacBook-Pro.local","pid":9030,"level":20,"msg":"Generator: \u001b[35marchive\u001b[39m","time":"2017-03-23T05:11:47.830Z","v":0}
{"name":"hexo","hostname":"lochdeMacBook-Pro.local","pid":9030,"level":20,"msg":"Generator: \u001b[35mcategory\u001b[39m","time":"2017-03-23T05:11:47.830Z","v":0}
{"name":"hexo","hostname":"lochdeMacBook-Pro.local","pid":9030,"level":20,"msg":"Generator: \u001b[35mindex\u001b[39m","time":"2017-03-23T05:11:47.830Z","v":0}
{"name":"hexo","hostname":"lochdeMacBook-Pro.local","pid":9030,"level":20,"msg":"Generator: \u001b[35mtag\u001b[39m","time":"2017-03-23T05:11:47.830Z","v":0}
{"name":"hexo","hostname":"lochdeMacBook-Pro.local","pid":9030,"level":20,"msg":"Generator: \u001b[35masset\u001b[39m","time":"2017-03-23T05:11:47.831Z","v":0}
{"name":"hexo","hostname":"lochdeMacBook-Pro.local","pid":9030,"level":20,"msg":"Rendering index: \u001b[35mindex.html\u001b[39m","time":"2017-03-23T05:11:48.381Z","v":0}
{"name":"hexo","hostname":"lochdeMacBook-Pro.local","pid":9030,"level":20,"msg":"Rendering index: \u001b[35mindex.html\u001b[39m","time":"2017-03-23T05:12:01.238Z","v":0}
{"name":"hexo","hostname":"lochdeMacBook-Pro.local","pid":9030,"level":20,"msg":"Processed: \u001b[35msource/css/main_style.css\u001b[39m","time":"2017-03-23T05:12:01.442Z","v":0}
{"name":"hexo","hostname":"lochdeMacBook-Pro.local","pid":9030,"level":20,"msg":"Generator: \u001b[35mpage\u001b[39m","time":"2017-03-23T05:12:01.553Z","v":0}
{"name":"hexo","hostname":"lochdeMacBook-Pro.local","pid":9030,"level":20,"msg":"Generator: \u001b[35mpost\u001b[39m","time":"2017-03-23T05:12:01.553Z","v":0}
{"name":"hexo","hostname":"lochdeMacBook-Pro.local","pid":9030,"level":20,"msg":"Generator: \u001b[35marchive\u001b[39m","time":"2017-03-23T05:12:01.553Z","v":0}
{"name":"hexo","hostname":"lochdeMacBook-Pro.local","pid":9030,"level":20,"msg":"Generator: \u001b[35mcategory\u001b[39m","time":"2017-03-23T05:12:01.553Z","v":0}
{"name":"hexo","hostname":"lochdeMacBook-Pro.local","pid":9030,"level":20,"msg":"Generator: \u001b[35mindex\u001b[39m","time":"2017-03-23T05:12:01.553Z","v":0}
{"name":"hexo","hostname":"lochdeMacBook-Pro.local","pid":9030,"level":20,"msg":"Generator: \u001b[35mtag\u001b[39m","time":"2017-03-23T05:12:01.553Z","v":0}
{"name":"hexo","hostname":"lochdeMacBook-Pro.local","pid":9030,"level":20,"msg":"Generator: \u001b[35masset\u001b[39m","time":"2017-03-23T05:12:01.554Z","v":0}
{"name":"hexo","hostname":"lochdeMacBook-Pro.local","pid":9030,"level":20,"msg":"Rendering index: \u001b[35mindex.html\u001b[39m","time":"2017-03-23T05:12:03.149Z","v":0}
{"name":"hexo","hostname":"lochdeMacBook-Pro.local","pid":9030,"level":20,"msg":"Rendering index: \u001b[35mindex.html\u001b[39m","time":"2017-03-23T05:12:31.665Z","v":0}
{"name":"hexo","hostname":"lochdeMacBook-Pro.local","pid":9030,"level":20,"msg":"Processed: \u001b[35msource/css/main_style.css\u001b[39m","time":"2017-03-23T05:12:32.061Z","v":0}
{"name":"hexo","hostname":"lochdeMacBook-Pro.local","pid":9030,"level":20,"msg":"Generator: \u001b[35mpage\u001b[39m","time":"2017-03-23T05:12:32.170Z","v":0}
{"name":"hexo","hostname":"lochdeMacBook-Pro.local","pid":9030,"level":20,"msg":"Generator: \u001b[35mpost\u001b[39m","time":"2017-03-23T05:12:32.170Z","v":0}
{"name":"hexo","hostname":"lochdeMacBook-Pro.local","pid":9030,"level":20,"msg":"Generator: \u001b[35marchive\u001b[39m","time":"2017-03-23T05:12:32.170Z","v":0}
{"name":"hexo","hostname":"lochdeMacBook-Pro.local","pid":9030,"level":20,"msg":"Generator: \u001b[35mcategory\u001b[39m","time":"2017-03-23T05:12:32.170Z","v":0}
{"name":"hexo","hostname":"lochdeMacBook-Pro.local","pid":9030,"level":20,"msg":"Generator: \u001b[35mindex\u001b[39m","time":"2017-03-23T05:12:32.170Z","v":0}
{"name":"hexo","hostname":"lochdeMacBook-Pro.local","pid":9030,"level":20,"msg":"Generator: \u001b[35mtag\u001b[39m","time":"2017-03-23T05:12:32.170Z","v":0}
{"name":"hexo","hostname":"lochdeMacBook-Pro.local","pid":9030,"level":20,"msg":"Generator: \u001b[35masset\u001b[39m","time":"2017-03-23T05:12:32.171Z","v":0}
{"name":"hexo","hostname":"lochdeMacBook-Pro.local","pid":9030,"level":20,"msg":"Rendering index: \u001b[35mindex.html\u001b[39m","time":"2017-03-23T05:12:32.871Z","v":0}
{"name":"hexo","hostname":"lochdeMacBook-Pro.local","pid":9030,"level":20,"msg":"Rendering index: \u001b[35mindex.html\u001b[39m","time":"2017-03-23T05:12:34.926Z","v":0}
{"name":"hexo","hostname":"lochdeMacBook-Pro.local","pid":9030,"level":20,"msg":"Rendering index: \u001b[35mindex.html\u001b[39m","time":"2017-03-23T05:13:09.225Z","v":0}
{"name":"hexo","hostname":"lochdeMacBook-Pro.local","pid":9030,"level":20,"msg":"Processed: \u001b[35msource/css/main_style.css\u001b[39m","time":"2017-03-23T05:13:09.596Z","v":0}
{"name":"hexo","hostname":"lochdeMacBook-Pro.local","pid":9030,"level":20,"msg":"Generator: \u001b[35mpage\u001b[39m","time":"2017-03-23T05:13:09.700Z","v":0}
{"name":"hexo","hostname":"lochdeMacBook-Pro.local","pid":9030,"level":20,"msg":"Generator: \u001b[35mpost\u001b[39m","time":"2017-03-23T05:13:09.701Z","v":0}
{"name":"hexo","hostname":"lochdeMacBook-Pro.local","pid":9030,"level":20,"msg":"Generator: \u001b[35marchive\u001b[39m","time":"2017-03-23T05:13:09.701Z","v":0}
{"name":"hexo","hostname":"lochdeMacBook-Pro.local","pid":9030,"level":20,"msg":"Generator: \u001b[35mcategory\u001b[39m","time":"2017-03-23T05:13:09.701Z","v":0}
{"name":"hexo","hostname":"lochdeMacBook-Pro.local","pid":9030,"level":20,"msg":"Generator: \u001b[35mindex\u001b[39m","time":"2017-03-23T05:13:09.701Z","v":0}
{"name":"hexo","hostname":"lochdeMacBook-Pro.local","pid":9030,"level":20,"msg":"Generator: \u001b[35mtag\u001b[39m","time":"2017-03-23T05:13:09.701Z","v":0}
{"name":"hexo","hostname":"lochdeMacBook-Pro.local","pid":9030,"level":20,"msg":"Generator: \u001b[35masset\u001b[39m","time":"2017-03-23T05:13:09.702Z","v":0}
{"name":"hexo","hostname":"lochdeMacBook-Pro.local","pid":9030,"level":20,"msg":"Rendering index: \u001b[35mindex.html\u001b[39m","time":"2017-03-23T05:13:10.227Z","v":0}
{"name":"hexo","hostname":"lochdeMacBook-Pro.local","pid":9030,"level":20,"msg":"Rendering index: \u001b[35mindex.html\u001b[39m","time":"2017-03-23T05:13:34.186Z","v":0}
{"name":"hexo","hostname":"lochdeMacBook-Pro.local","pid":9030,"level":20,"msg":"Processed: \u001b[35msource/css/main_style.css\u001b[39m","time":"2017-03-23T05:13:34.754Z","v":0}
{"name":"hexo","hostname":"lochdeMacBook-Pro.local","pid":9030,"level":20,"msg":"Generator: \u001b[35mpage\u001b[39m","time":"2017-03-23T05:13:34.862Z","v":0}
{"name":"hexo","hostname":"lochdeMacBook-Pro.local","pid":9030,"level":20,"msg":"Generator: \u001b[35mpost\u001b[39m","time":"2017-03-23T05:13:34.862Z","v":0}
{"name":"hexo","hostname":"lochdeMacBook-Pro.local","pid":9030,"level":20,"msg":"Generator: \u001b[35marchive\u001b[39m","time":"2017-03-23T05:13:34.862Z","v":0}
{"name":"hexo","hostname":"lochdeMacBook-Pro.local","pid":9030,"level":20,"msg":"Generator: \u001b[35mcategory\u001b[39m","time":"2017-03-23T05:13:34.862Z","v":0}
{"name":"hexo","hostname":"lochdeMacBook-Pro.local","pid":9030,"level":20,"msg":"Generator: \u001b[35mindex\u001b[39m","time":"2017-03-23T05:13:34.862Z","v":0}
{"name":"hexo","hostname":"lochdeMacBook-Pro.local","pid":9030,"level":20,"msg":"Generator: \u001b[35mtag\u001b[39m","time":"2017-03-23T05:13:34.862Z","v":0}
{"name":"hexo","hostname":"lochdeMacBook-Pro.local","pid":9030,"level":20,"msg":"Generator: \u001b[35masset\u001b[39m","time":"2017-03-23T05:13:34.863Z","v":0}
{"name":"hexo","hostname":"lochdeMacBook-Pro.local","pid":9030,"level":20,"msg":"Rendering index: \u001b[35mindex.html\u001b[39m","time":"2017-03-23T05:13:35.117Z","v":0}
{"name":"hexo","hostname":"lochdeMacBook-Pro.local","pid":9030,"level":20,"msg":"Generator: \u001b[35mpage\u001b[39m","time":"2017-03-23T05:15:51.878Z","v":0}
{"name":"hexo","hostname":"lochdeMacBook-Pro.local","pid":9030,"level":20,"msg":"Generator: \u001b[35mpost\u001b[39m","time":"2017-03-23T05:15:51.878Z","v":0}
{"name":"hexo","hostname":"lochdeMacBook-Pro.local","pid":9030,"level":20,"msg":"Generator: \u001b[35marchive\u001b[39m","time":"2017-03-23T05:15:51.879Z","v":0}
{"name":"hexo","hostname":"lochdeMacBook-Pro.local","pid":9030,"level":20,"msg":"Generator: \u001b[35mcategory\u001b[39m","time":"2017-03-23T05:15:51.879Z","v":0}
{"name":"hexo","hostname":"lochdeMacBook-Pro.local","pid":9030,"level":20,"msg":"Generator: \u001b[35mindex\u001b[39m","time":"2017-03-23T05:15:51.879Z","v":0}
{"name":"hexo","hostname":"lochdeMacBook-Pro.local","pid":9030,"level":20,"msg":"Generator: \u001b[35mtag\u001b[39m","time":"2017-03-23T05:15:51.879Z","v":0}
{"name":"hexo","hostname":"lochdeMacBook-Pro.local","pid":9030,"level":20,"msg":"Generator: \u001b[35masset\u001b[39m","time":"2017-03-23T05:15:51.880Z","v":0}
{"name":"hexo","hostname":"lochdeMacBook-Pro.local","pid":9030,"level":20,"msg":"Generator: \u001b[35mpage\u001b[39m","time":"2017-03-23T05:15:56.938Z","v":0}
{"name":"hexo","hostname":"lochdeMacBook-Pro.local","pid":9030,"level":20,"msg":"Generator: \u001b[35mpost\u001b[39m","time":"2017-03-23T05:15:56.939Z","v":0}
{"name":"hexo","hostname":"lochdeMacBook-Pro.local","pid":9030,"level":20,"msg":"Generator: \u001b[35marchive\u001b[39m","time":"2017-03-23T05:15:56.939Z","v":0}
{"name":"hexo","hostname":"lochdeMacBook-Pro.local","pid":9030,"level":20,"msg":"Generator: \u001b[35mcategory\u001b[39m","time":"2017-03-23T05:15:56.939Z","v":0}
{"name":"hexo","hostname":"lochdeMacBook-Pro.local","pid":9030,"level":20,"msg":"Generator: \u001b[35mindex\u001b[39m","time":"2017-03-23T05:15:56.939Z","v":0}
{"name":"hexo","hostname":"lochdeMacBook-Pro.local","pid":9030,"level":20,"msg":"Generator: \u001b[35mtag\u001b[39m","time":"2017-03-23T05:15:56.939Z","v":0}
{"name":"hexo","hostname":"lochdeMacBook-Pro.local","pid":9030,"level":20,"msg":"Generator: \u001b[35masset\u001b[39m","time":"2017-03-23T05:15:56.939Z","v":0}
{"name":"hexo","hostname":"lochdeMacBook-Pro.local","pid":9030,"level":20,"msg":"Generator: \u001b[35mpage\u001b[39m","time":"2017-03-23T06:10:53.866Z","v":0}
{"name":"hexo","hostname":"lochdeMacBook-Pro.local","pid":9030,"level":20,"msg":"Generator: \u001b[35mpost\u001b[39m","time":"2017-03-23T06:10:53.866Z","v":0}
{"name":"hexo","hostname":"lochdeMacBook-Pro.local","pid":9030,"level":20,"msg":"Generator: \u001b[35marchive\u001b[39m","time":"2017-03-23T06:10:53.866Z","v":0}
{"name":"hexo","hostname":"lochdeMacBook-Pro.local","pid":9030,"level":20,"msg":"Generator: \u001b[35mcategory\u001b[39m","time":"2017-03-23T06:10:53.866Z","v":0}
{"name":"hexo","hostname":"lochdeMacBook-Pro.local","pid":9030,"level":20,"msg":"Generator: \u001b[35mindex\u001b[39m","time":"2017-03-23T06:10:53.866Z","v":0}
{"name":"hexo","hostname":"lochdeMacBook-Pro.local","pid":9030,"level":20,"msg":"Generator: \u001b[35mtag\u001b[39m","time":"2017-03-23T06:10:53.866Z","v":0}
{"name":"hexo","hostname":"lochdeMacBook-Pro.local","pid":9030,"level":20,"msg":"Generator: \u001b[35masset\u001b[39m","time":"2017-03-23T06:10:53.866Z","v":0}
{"name":"hexo","hostname":"lochdeMacBook-Pro.local","pid":9030,"level":20,"msg":"Generator: \u001b[35mpage\u001b[39m","time":"2017-03-23T12:33:20.772Z","v":0}
{"name":"hexo","hostname":"lochdeMacBook-Pro.local","pid":9030,"level":20,"msg":"Generator: \u001b[35mpost\u001b[39m","time":"2017-03-23T12:33:20.773Z","v":0}
{"name":"hexo","hostname":"lochdeMacBook-Pro.local","pid":9030,"level":20,"msg":"Generator: \u001b[35marchive\u001b[39m","time":"2017-03-23T12:33:20.773Z","v":0}
{"name":"hexo","hostname":"lochdeMacBook-Pro.local","pid":9030,"level":20,"msg":"Generator: \u001b[35mcategory\u001b[39m","time":"2017-03-23T12:33:20.773Z","v":0}
{"name":"hexo","hostname":"lochdeMacBook-Pro.local","pid":9030,"level":20,"msg":"Generator: \u001b[35mindex\u001b[39m","time":"2017-03-23T12:33:20.773Z","v":0}
{"name":"hexo","hostname":"lochdeMacBook-Pro.local","pid":9030,"level":20,"msg":"Generator: \u001b[35mtag\u001b[39m","time":"2017-03-23T12:33:20.773Z","v":0}
{"name":"hexo","hostname":"lochdeMacBook-Pro.local","pid":9030,"level":20,"msg":"Generator: \u001b[35masset\u001b[39m","time":"2017-03-23T12:33:20.775Z","v":0}
{"name":"hexo","hostname":"lochdeMacBook-Pro.local","pid":9030,"level":20,"msg":"Generator: \u001b[35mpage\u001b[39m","time":"2017-03-23T12:33:44.151Z","v":0}
{"name":"hexo","hostname":"lochdeMacBook-Pro.local","pid":9030,"level":20,"msg":"Generator: \u001b[35mpost\u001b[39m","time":"2017-03-23T12:33:44.151Z","v":0}
{"name":"hexo","hostname":"lochdeMacBook-Pro.local","pid":9030,"level":20,"msg":"Generator: \u001b[35marchive\u001b[39m","time":"2017-03-23T12:33:44.151Z","v":0}
{"name":"hexo","hostname":"lochdeMacBook-Pro.local","pid":9030,"level":20,"msg":"Generator: \u001b[35mcategory\u001b[39m","time":"2017-03-23T12:33:44.151Z","v":0}
{"name":"hexo","hostname":"lochdeMacBook-Pro.local","pid":9030,"level":20,"msg":"Generator: \u001b[35mindex\u001b[39m","time":"2017-03-23T12:33:44.151Z","v":0}
{"name":"hexo","hostname":"lochdeMacBook-Pro.local","pid":9030,"level":20,"msg":"Generator: \u001b[35mtag\u001b[39m","time":"2017-03-23T12:33:44.151Z","v":0}
{"name":"hexo","hostname":"lochdeMacBook-Pro.local","pid":9030,"level":20,"msg":"Generator: \u001b[35masset\u001b[39m","time":"2017-03-23T12:33:44.152Z","v":0}
{"name":"hexo","hostname":"lochdeMacBook-Pro.local","pid":9030,"level":20,"msg":"Generator: \u001b[35mpage\u001b[39m","time":"2017-03-24T07:00:43.686Z","v":0}
{"name":"hexo","hostname":"lochdeMacBook-Pro.local","pid":9030,"level":20,"msg":"Generator: \u001b[35mpost\u001b[39m","time":"2017-03-24T07:00:43.688Z","v":0}
{"name":"hexo","hostname":"lochdeMacBook-Pro.local","pid":9030,"level":20,"msg":"Generator: \u001b[35marchive\u001b[39m","time":"2017-03-24T07:00:43.688Z","v":0}
{"name":"hexo","hostname":"lochdeMacBook-Pro.local","pid":9030,"level":20,"msg":"Generator: \u001b[35mcategory\u001b[39m","time":"2017-03-24T07:00:43.688Z","v":0}
{"name":"hexo","hostname":"lochdeMacBook-Pro.local","pid":9030,"level":20,"msg":"Generator: \u001b[35mindex\u001b[39m","time":"2017-03-24T07:00:43.688Z","v":0}
{"name":"hexo","hostname":"lochdeMacBook-Pro.local","pid":9030,"level":20,"msg":"Generator: \u001b[35mtag\u001b[39m","time":"2017-03-24T07:00:43.688Z","v":0}
{"name":"hexo","hostname":"lochdeMacBook-Pro.local","pid":9030,"level":20,"msg":"Generator: \u001b[35masset\u001b[39m","time":"2017-03-24T07:00:43.689Z","v":0}
{"name":"hexo","hostname":"lochdeMacBook-Pro.local","pid":9030,"level":20,"msg":"Generator: \u001b[35mpage\u001b[39m","time":"2017-03-24T07:02:53.940Z","v":0}
{"name":"hexo","hostname":"lochdeMacBook-Pro.local","pid":9030,"level":20,"msg":"Generator: \u001b[35mpost\u001b[39m","time":"2017-03-24T07:02:53.941Z","v":0}
{"name":"hexo","hostname":"lochdeMacBook-Pro.local","pid":9030,"level":20,"msg":"Generator: \u001b[35marchive\u001b[39m","time":"2017-03-24T07:02:53.941Z","v":0}
{"name":"hexo","hostname":"lochdeMacBook-Pro.local","pid":9030,"level":20,"msg":"Generator: \u001b[35mcategory\u001b[39m","time":"2017-03-24T07:02:53.941Z","v":0}
{"name":"hexo","hostname":"lochdeMacBook-Pro.local","pid":9030,"level":20,"msg":"Generator: \u001b[35mindex\u001b[39m","time":"2017-03-24T07:02:53.941Z","v":0}
{"name":"hexo","hostname":"lochdeMacBook-Pro.local","pid":9030,"level":20,"msg":"Generator: \u001b[35mtag\u001b[39m","time":"2017-03-24T07:02:53.942Z","v":0}
{"name":"hexo","hostname":"lochdeMacBook-Pro.local","pid":9030,"level":20,"msg":"Generator: \u001b[35masset\u001b[39m","time":"2017-03-24T07:02:53.942Z","v":0}
{"name":"hexo","hostname":"lochdeMacBook-Pro.local","pid":9030,"level":20,"msg":"Rendering index: \u001b[35mindex.html\u001b[39m","time":"2017-03-24T07:15:32.374Z","v":0}
{"name":"hexo","hostname":"lochdeMacBook-Pro.local","pid":9030,"level":20,"msg":"Rendering index: \u001b[35mindex.html\u001b[39m","time":"2017-03-24T07:15:33.901Z","v":0}
